# JRE version: OpenJDK Runtime Environment (17.0.10) (build 17.0.10+0--11609105)
# Java VM: OpenJDK 64-Bit Server VM (17.0.10+0--11609105, mixed mode, tiered, compressed oops, compressed class ptrs, g1 gc, windows-amd64)
GC Precious Log:
 CPUs: 6 total, 6 available
 Memory: 16222M
 Large Page Support: Disabled
 NUMA Support: Disabled
 Compressed Oops: Enabled (32-bit)
 Heap Region Size: 1M
 Heap Min Capacity: 8M
 Heap Initial Capacity: 254M
 Heap Max Capacity: 2G
 Pre-touch: Disabled
 Parallel Workers: 6
 Concurrent Workers: 2
 Concurrent Refinement Workers: 6
 Periodic GC: Disabled
Heap:
 garbage-first heap   total 500736K, used 289353K [0x0000000080000000, 0x0000000100000000)
  region size 1024K, 7 young (7168K), 7 survivors (7168K)
 Metaspace       used 120977K, committed 121792K, reserved 1179648K
  class space    used 17175K, committed 17536K, reserved 1048576K
GC Heap History (20 events):
Event: 16.039 GC heap after
{Heap after GC invocations=62 (full 0):
 garbage-first heap   total 261120K, used 151534K [0x0000000080000000, 0x0000000100000000)
  region size 1024K, 2 young (2048K), 2 survivors (2048K)
 Metaspace       used 108626K, committed 109376K, reserved 1179648K
  class space    used 15150K, committed 15552K, reserved 1048576K
}
Event: 16.158 GC heap before
{Heap before GC invocations=62 (full 0):
 garbage-first heap   total 261120K, used 210926K [0x0000000080000000, 0x0000000100000000)
  region size 1024K, 61 young (62464K), 2 survivors (2048K)
 Metaspace       used 109184K, committed 109888K, reserved 1179648K
  class space    used 15204K, committed 15552K, reserved 1048576K
}
Event: 16.166 GC heap after
{Heap after GC invocations=63 (full 0):
 garbage-first heap   total 313344K, used 163576K [0x0000000080000000, 0x0000000100000000)
  region size 1024K, 8 young (8192K), 8 survivors (8192K)
 Metaspace       used 109184K, committed 109888K, reserved 1179648K
  class space    used 15204K, committed 15552K, reserved 1048576K
}
Event: 16.304 GC heap before
{Heap before GC invocations=63 (full 0):
 garbage-first heap   total 313344K, used 237304K [0x0000000080000000, 0x0000000100000000)
  region size 1024K, 80 young (81920K), 8 survivors (8192K)
 Metaspace       used 109709K, committed 110464K, reserved 1179648K
  class space    used 15304K, committed 15680K, reserved 1048576K
}
Event: 16.315 GC heap after
{Heap after GC invocations=64 (full 0):
 garbage-first heap   total 313344K, used 176888K [0x0000000080000000, 0x0000000100000000)
  region size 1024K, 10 young (10240K), 10 survivors (10240K)
 Metaspace       used 109709K, committed 110464K, reserved 1179648K
  class space    used 15304K, committed 15680K, reserved 1048576K
}
Event: 16.739 GC heap before
{Heap before GC invocations=64 (full 0):
 garbage-first heap   total 313344K, used 245496K [0x0000000080000000, 0x0000000100000000)
  region size 1024K, 78 young (79872K), 10 survivors (10240K)
 Metaspace       used 111660K, committed 112384K, reserved 1179648K
  class space    used 15622K, committed 16000K, reserved 1048576K
}
Event: 16.750 GC heap after
{Heap after GC invocations=65 (full 0):
 garbage-first heap   total 313344K, used 188726K [0x0000000080000000, 0x0000000100000000)
  region size 1024K, 10 young (10240K), 10 survivors (10240K)
 Metaspace       used 111660K, committed 112384K, reserved 1179648K
  class space    used 15622K, committed 16000K, reserved 1048576K
}
Event: 16.834 GC heap before
{Heap before GC invocations=65 (full 0):
 garbage-first heap   total 313344K, used 251190K [0x0000000080000000, 0x0000000100000000)
  region size 1024K, 71 young (72704K), 10 survivors (10240K)
 Metaspace       used 112048K, committed 112768K, reserved 1179648K
  class space    used 15679K, committed 16064K, reserved 1048576K
}
Event: 16.845 GC heap after
{Heap after GC invocations=66 (full 0):
 garbage-first heap   total 313344K, used 201051K [0x0000000080000000, 0x0000000100000000)
  region size 1024K, 9 young (9216K), 9 survivors (9216K)
 Metaspace       used 112048K, committed 112768K, reserved 1179648K
  class space    used 15679K, committed 16064K, reserved 1048576K
}
Event: 16.919 GC heap before
{Heap before GC invocations=66 (full 0):
 garbage-first heap   total 313344K, used 256347K [0x0000000080000000, 0x0000000100000000)
  region size 1024K, 63 young (64512K), 9 survivors (9216K)
 Metaspace       used 112562K, committed 113280K, reserved 1179648K
  class space    used 15741K, committed 16128K, reserved 1048576K
}
Event: 16.932 GC heap after
{Heap after GC invocations=67 (full 0):
 garbage-first heap   total 500736K, used 211726K [0x0000000080000000, 0x0000000100000000)
  region size 1024K, 8 young (8192K), 8 survivors (8192K)
 Metaspace       used 112562K, committed 113280K, reserved 1179648K
  class space    used 15741K, committed 16128K, reserved 1048576K
}
Event: 17.297 GC heap before
{Heap before GC invocations=67 (full 0):
 garbage-first heap   total 500736K, used 380686K [0x0000000080000000, 0x0000000100000000)
  region size 1024K, 173 young (177152K), 8 survivors (8192K)
 Metaspace       used 115038K, committed 115776K, reserved 1179648K
  class space    used 16225K, committed 16576K, reserved 1048576K
}
Event: 17.321 GC heap after
{Heap after GC invocations=68 (full 0):
 garbage-first heap   total 500736K, used 243403K [0x0000000080000000, 0x0000000100000000)
  region size 1024K, 22 young (22528K), 22 survivors (22528K)
 Metaspace       used 115038K, committed 115776K, reserved 1179648K
  class space    used 16225K, committed 16576K, reserved 1048576K
}
Event: 17.565 GC heap before
{Heap before GC invocations=68 (full 0):
 garbage-first heap   total 500736K, used 372427K [0x0000000080000000, 0x0000000100000000)
  region size 1024K, 148 young (151552K), 22 survivors (22528K)
 Metaspace       used 115800K, committed 116608K, reserved 1179648K
  class space    used 16350K, committed 16704K, reserved 1048576K
}
Event: 17.586 GC heap after
{Heap after GC invocations=69 (full 0):
 garbage-first heap   total 500736K, used 264192K [0x0000000080000000, 0x0000000100000000)
  region size 1024K, 19 young (19456K), 19 survivors (19456K)
 Metaspace       used 115800K, committed 116608K, reserved 1179648K
  class space    used 16350K, committed 16704K, reserved 1048576K
}
Event: 19.019 GC heap before
{Heap before GC invocations=69 (full 0):
 garbage-first heap   total 500736K, used 403456K [0x0000000080000000, 0x0000000100000000)
  region size 1024K, 137 young (140288K), 19 survivors (19456K)
 Metaspace       used 119996K, committed 120768K, reserved 1179648K
  class space    used 17098K, committed 17472K, reserved 1048576K
}
Event: 19.033 GC heap after
{Heap after GC invocations=70 (full 0):
 garbage-first heap   total 500736K, used 284160K [0x0000000080000000, 0x0000000100000000)
  region size 1024K, 12 young (12288K), 12 survivors (12288K)
 Metaspace       used 119996K, committed 120768K, reserved 1179648K
  class space    used 17098K, committed 17472K, reserved 1048576K
}
Event: 19.247 GC heap before
{Heap before GC invocations=70 (full 0):
 garbage-first heap   total 500736K, used 398848K [0x0000000080000000, 0x0000000100000000)
  region size 1024K, 125 young (128000K), 12 survivors (12288K)
 Metaspace       used 120476K, committed 121216K, reserved 1179648K
  class space    used 17156K, committed 17536K, reserved 1048576K
}
Event: 19.258 GC heap after
{Heap after GC invocations=71 (full 0):
 garbage-first heap   total 500736K, used 287744K [0x0000000080000000, 0x0000000100000000)
  region size 1024K, 5 young (5120K), 5 survivors (5120K)
 Metaspace       used 120476K, committed 121216K, reserved 1179648K
  class space    used 17156K, committed 17536K, reserved 1048576K
}
Event: 19.522 GC heap before
{Heap before GC invocations=71 (full 0):
 garbage-first heap   total 500736K, used 408576K [0x0000000080000000, 0x0000000100000000)
  region size 1024K, 124 young (126976K), 5 survivors (5120K)
 Metaspace       used 120977K, committed 121792K, reserved 1179648K
  class space    used 17175K, committed 17536K, reserved 1048576K
}

