# JRE version: OpenJDK Runtime Environment (17.0.10) (build 17.0.10+0--11609105)
# Java VM: OpenJDK 64-Bit Server VM (17.0.10+0--11609105, mixed mode, tiered, compressed oops, compressed class ptrs, g1 gc, windows-amd64)
GC Precious Log:
 CPUs: 6 total, 6 available
 Memory: 16222M
 Large Page Support: Disabled
 NUMA Support: Disabled
 Compressed Oops: Enabled (32-bit)
 Heap Region Size: 1M
 Heap Min Capacity: 8M
 Heap Initial Capacity: 254M
 Heap Max Capacity: 2G
 Pre-touch: Disabled
 Parallel Workers: 6
 Concurrent Workers: 2
 Concurrent Refinement Workers: 6
 Periodic GC: Disabled
Heap:
 garbage-first heap   total 370688K, used 191251K [0x0000000080000000, 0x0000000100000000)
  region size 1024K, 3 young (3072K), 3 survivors (3072K)
 Metaspace       used 135089K, committed 136640K, reserved 1179648K
  class space    used 18964K, committed 19712K, reserved 1048576K
GC Heap History (20 events):
Event: 129.729 GC heap after
{Heap after GC invocations=81 (full 0):
 garbage-first heap   total 268288K, used 125998K [0x0000000080000000, 0x0000000100000000)
  region size 1024K, 4 young (4096K), 4 survivors (4096K)
 Metaspace       used 130659K, committed 131776K, reserved 1179648K
  class space    used 18412K, committed 18944K, reserved 1048576K
}
Event: 129.786 GC heap before
{Heap before GC invocations=81 (full 0):
 garbage-first heap   total 268288K, used 134190K [0x0000000080000000, 0x0000000100000000)
  region size 1024K, 13 young (13312K), 4 survivors (4096K)
 Metaspace       used 130666K, committed 131776K, reserved 1179648K
  class space    used 18412K, committed 18944K, reserved 1048576K
}
Event: 129.799 GC heap after
{Heap after GC invocations=82 (full 0):
 garbage-first heap   total 268288K, used 124714K [0x0000000080000000, 0x0000000100000000)
  region size 1024K, 2 young (2048K), 2 survivors (2048K)
 Metaspace       used 130666K, committed 131776K, reserved 1179648K
  class space    used 18412K, committed 18944K, reserved 1048576K
}
Event: 136.217 GC heap before
{Heap before GC invocations=82 (full 0):
 garbage-first heap   total 268288K, used 233258K [0x0000000080000000, 0x0000000100000000)
  region size 1024K, 108 young (110592K), 2 survivors (2048K)
 Metaspace       used 130966K, committed 132096K, reserved 1179648K
  class space    used 18427K, committed 19008K, reserved 1048576K
}
Event: 136.228 GC heap after
{Heap after GC invocations=83 (full 0):
 garbage-first heap   total 268288K, used 135653K [0x0000000080000000, 0x0000000100000000)
  region size 1024K, 13 young (13312K), 13 survivors (13312K)
 Metaspace       used 130966K, committed 132096K, reserved 1179648K
  class space    used 18427K, committed 19008K, reserved 1048576K
}
Event: 136.639 GC heap before
{Heap before GC invocations=83 (full 0):
 garbage-first heap   total 268288K, used 210405K [0x0000000080000000, 0x0000000100000000)
  region size 1024K, 87 young (89088K), 13 survivors (13312K)
 Metaspace       used 131208K, committed 132416K, reserved 1179648K
  class space    used 18430K, committed 19008K, reserved 1048576K
}
Event: 136.658 GC heap after
{Heap after GC invocations=84 (full 0):
 garbage-first heap   total 268288K, used 143569K [0x0000000080000000, 0x0000000100000000)
  region size 1024K, 8 young (8192K), 8 survivors (8192K)
 Metaspace       used 131208K, committed 132416K, reserved 1179648K
  class space    used 18430K, committed 19008K, reserved 1048576K
}
Event: 166.157 GC heap before
{Heap before GC invocations=85 (full 0):
 garbage-first heap   total 296960K, used 280785K [0x0000000080000000, 0x0000000100000000)
  region size 1024K, 76 young (77824K), 8 survivors (8192K)
 Metaspace       used 131791K, committed 132928K, reserved 1179648K
  class space    used 18517K, committed 19072K, reserved 1048576K
}
Event: 166.167 GC heap after
{Heap after GC invocations=86 (full 0):
 garbage-first heap   total 299008K, used 151715K [0x0000000080000000, 0x0000000100000000)
  region size 1024K, 9 young (9216K), 9 survivors (9216K)
 Metaspace       used 131791K, committed 132928K, reserved 1179648K
  class space    used 18517K, committed 19072K, reserved 1048576K
}
Event: 166.221 GC heap before
{Heap before GC invocations=86 (full 0):
 garbage-first heap   total 299008K, used 156835K [0x0000000080000000, 0x0000000100000000)
  region size 1024K, 14 young (14336K), 9 survivors (9216K)
 Metaspace       used 132111K, committed 133376K, reserved 1179648K
  class space    used 18589K, committed 19200K, reserved 1048576K
}
Event: 166.230 GC heap after
{Heap after GC invocations=87 (full 0):
 garbage-first heap   total 299008K, used 145905K [0x0000000080000000, 0x0000000100000000)
  region size 1024K, 2 young (2048K), 2 survivors (2048K)
 Metaspace       used 132111K, committed 133376K, reserved 1179648K
  class space    used 18589K, committed 19200K, reserved 1048576K
}
Event: 166.795 GC heap before
{Heap before GC invocations=87 (full 0):
 garbage-first heap   total 299008K, used 249329K [0x0000000080000000, 0x0000000100000000)
  region size 1024K, 96 young (98304K), 2 survivors (2048K)
 Metaspace       used 134194K, committed 135680K, reserved 1179648K
  class space    used 18889K, committed 19584K, reserved 1048576K
}
Event: 166.803 GC heap after
{Heap after GC invocations=88 (full 0):
 garbage-first heap   total 299008K, used 160057K [0x0000000080000000, 0x0000000100000000)
  region size 1024K, 12 young (12288K), 12 survivors (12288K)
 Metaspace       used 134194K, committed 135680K, reserved 1179648K
  class space    used 18889K, committed 19584K, reserved 1048576K
}
Event: 166.957 GC heap before
{Heap before GC invocations=88 (full 0):
 garbage-first heap   total 299008K, used 241977K [0x0000000080000000, 0x0000000100000000)
  region size 1024K, 93 young (95232K), 12 survivors (12288K)
 Metaspace       used 134487K, committed 136064K, reserved 1179648K
  class space    used 18908K, committed 19648K, reserved 1048576K
}
Event: 166.967 GC heap after
{Heap after GC invocations=89 (full 0):
 garbage-first heap   total 299008K, used 180181K [0x0000000080000000, 0x0000000100000000)
  region size 1024K, 12 young (12288K), 12 survivors (12288K)
 Metaspace       used 134487K, committed 136064K, reserved 1179648K
  class space    used 18908K, committed 19648K, reserved 1048576K
}
Event: 167.042 GC heap before
{Heap before GC invocations=89 (full 0):
 garbage-first heap   total 299008K, used 241621K [0x0000000080000000, 0x0000000100000000)
  region size 1024K, 73 young (74752K), 12 survivors (12288K)
 Metaspace       used 134837K, committed 136384K, reserved 1179648K
  class space    used 18946K, committed 19648K, reserved 1048576K
}
Event: 167.050 GC heap after
{Heap after GC invocations=90 (full 0):
 garbage-first heap   total 299008K, used 195584K [0x0000000080000000, 0x0000000100000000)
  region size 1024K, 10 young (10240K), 10 survivors (10240K)
 Metaspace       used 134837K, committed 136384K, reserved 1179648K
  class space    used 18946K, committed 19648K, reserved 1048576K
}
Event: 167.171 GC heap before
{Heap before GC invocations=91 (full 0):
 garbage-first heap   total 370688K, used 238592K [0x0000000080000000, 0x0000000100000000)
  region size 1024K, 58 young (59392K), 10 survivors (10240K)
 Metaspace       used 135060K, committed 136640K, reserved 1179648K
  class space    used 18964K, committed 19712K, reserved 1048576K
}
Event: 167.179 GC heap after
{Heap after GC invocations=92 (full 0):
 garbage-first heap   total 370688K, used 200171K [0x0000000080000000, 0x0000000100000000)
  region size 1024K, 8 young (8192K), 8 survivors (8192K)
 Metaspace       used 135060K, committed 136640K, reserved 1179648K
  class space    used 18964K, committed 19712K, reserved 1048576K
}
Event: 167.196 GC heap before
{Heap before GC invocations=92 (full 0):
 garbage-first heap   total 370688K, used 212459K [0x0000000080000000, 0x0000000100000000)
  region size 1024K, 18 young (18432K), 8 survivors (8192K)
 Metaspace       used 135089K, committed 136640K, reserved 1179648K
  class space    used 18964K, committed 19712K, reserved 1048576K
}

